[INFO  - 2017-07-15T21:51:30.095Z] GhostDriver - Main - running on port 62439
[INFO  - 2017-07-15T21:51:33.577Z] Session [c486e840-69a7-11e7-a269-c9efd81054a2] - page.settings - {"XSSAuditingEnabled":false,"javascriptCanCloseWindows":true,"javascriptCanOpenWindows":true,"javascriptEnabled":true,"loadImages":true,"localToRemoteUrlAccessEnabled":false,"userAgent":"Mozilla/5.0 (Windows NT 6.2; WOW64) AppleWebKit/538.1 (KHTML, like Gecko) PhantomJS/2.1.1 Safari/538.1","webSecurityEnabled":true}
[INFO  - 2017-07-15T21:51:33.578Z] Session [c486e840-69a7-11e7-a269-c9efd81054a2] - page.customHeaders:  - {}
[INFO  - 2017-07-15T21:51:33.578Z] Session [c486e840-69a7-11e7-a269-c9efd81054a2] - Session.negotiatedCapabilities - {"browserName":"phantomjs","version":"2.1.1","driverName":"ghostdriver","driverVersion":"1.2.0","platform":"windows-10-32bit","javascriptEnabled":true,"takesScreenshot":true,"handlesAlerts":false,"databaseEnabled":false,"locationContextEnabled":false,"applicationCacheEnabled":false,"browserConnectionEnabled":false,"cssSelectorsEnabled":true,"webStorageEnabled":false,"rotatable":false,"acceptSslCerts":false,"nativeEvents":true,"proxy":{"proxyType":"direct"}}
[INFO  - 2017-07-15T21:51:33.578Z] SessionManagerReqHand - _postNewSessionCommand - New Session Created: c486e840-69a7-11e7-a269-c9efd81054a2
[INFO  - 2017-07-15T21:51:41.350Z] Session [c486e840-69a7-11e7-a269-c9efd81054a2] - page.settings - {"XSSAuditingEnabled":false,"javascriptCanCloseWindows":true,"javascriptCanOpenWindows":true,"javascriptEnabled":true,"loadImages":true,"localToRemoteUrlAccessEnabled":false,"userAgent":"Mozilla/5.0 (Windows NT 6.2; WOW64) AppleWebKit/538.1 (KHTML, like Gecko) PhantomJS/2.1.1 Safari/538.1","webSecurityEnabled":true}
[INFO  - 2017-07-15T21:51:41.350Z] Session [c486e840-69a7-11e7-a269-c9efd81054a2] - page.customHeaders:  - {}
[ERROR - 2017-07-15T21:51:46.736Z] Session [c486e840-69a7-11e7-a269-c9efd81054a2] - page.onError - msg: TypeError: null is not an object (evaluating 'motif.checked = true')

  phantomjs://platform/console++.js:263 in error
[ERROR - 2017-07-15T21:51:46.736Z] Session [c486e840-69a7-11e7-a269-c9efd81054a2] - page.onError - stack:
  changeCheckHuman (http://rbpmap.technion.ac.il/RBPmap_motif_selection.html:75)
  onclick (http://rbpmap.technion.ac.il/RBPmap_motif_selection.html:206)
  dispatchEvent (:0)
  U (:119)
  $ (:108)
  $ (:101)
  gh (:141)
  sh (:152)
  (anonymous function) (:152)
  (anonymous function) (:152)
  (anonymous function) (:153)

  phantomjs://platform/console++.js:263 in error
[ERROR - 2017-07-15T21:51:48.215Z] WebElementLocator - _handleLocateCommand - Element(s) NOT Found: GAVE UP. Search Stop Time: 1500155508158

  phantomjs://platform/console++.js:263 in error
[ERROR - 2017-07-15T21:51:49.197Z] WebElementLocator - _handleLocateCommand - Element(s) NOT Found: GAVE UP. Search Stop Time: 1500155509144

  phantomjs://platform/console++.js:263 in error
[ERROR - 2017-07-15T21:51:50.135Z] WebElementLocator - _handleLocateCommand - Element(s) NOT Found: GAVE UP. Search Stop Time: 1500155510078

  phantomjs://platform/console++.js:263 in error
[ERROR - 2017-07-15T21:51:51.058Z] WebElementLocator - _handleLocateCommand - Element(s) NOT Found: GAVE UP. Search Stop Time: 1500155511006

  phantomjs://platform/console++.js:263 in error
[ERROR - 2017-07-15T21:51:51.993Z] WebElementLocator - _handleLocateCommand - Element(s) NOT Found: GAVE UP. Search Stop Time: 1500155511944

  phantomjs://platform/console++.js:263 in error
[ERROR - 2017-07-15T21:51:52.915Z] WebElementLocator - _handleLocateCommand - Element(s) NOT Found: GAVE UP. Search Stop Time: 1500155512862

  phantomjs://platform/console++.js:263 in error
