[INFO  - 2017-07-15T02:39:58.958Z] GhostDriver - Main - running on port 50195
[INFO  - 2017-07-15T02:40:02.325Z] Session [e6ee0bd0-6906-11e7-8399-15419598b770] - page.settings - {"XSSAuditingEnabled":false,"javascriptCanCloseWindows":true,"javascriptCanOpenWindows":true,"javascriptEnabled":true,"loadImages":true,"localToRemoteUrlAccessEnabled":false,"userAgent":"Mozilla/5.0 (Windows NT 6.2; WOW64) AppleWebKit/538.1 (KHTML, like Gecko) PhantomJS/2.1.1 Safari/538.1","webSecurityEnabled":true}
[INFO  - 2017-07-15T02:40:02.325Z] Session [e6ee0bd0-6906-11e7-8399-15419598b770] - page.customHeaders:  - {}
[INFO  - 2017-07-15T02:40:02.325Z] Session [e6ee0bd0-6906-11e7-8399-15419598b770] - Session.negotiatedCapabilities - {"browserName":"phantomjs","version":"2.1.1","driverName":"ghostdriver","driverVersion":"1.2.0","platform":"windows-10-32bit","javascriptEnabled":true,"takesScreenshot":true,"handlesAlerts":false,"databaseEnabled":false,"locationContextEnabled":false,"applicationCacheEnabled":false,"browserConnectionEnabled":false,"cssSelectorsEnabled":true,"webStorageEnabled":false,"rotatable":false,"acceptSslCerts":false,"nativeEvents":true,"proxy":{"proxyType":"direct"}}
[INFO  - 2017-07-15T02:40:02.326Z] SessionManagerReqHand - _postNewSessionCommand - New Session Created: e6ee0bd0-6906-11e7-8399-15419598b770
[INFO  - 2017-07-15T02:40:11.432Z] Session [e6ee0bd0-6906-11e7-8399-15419598b770] - page.settings - {"XSSAuditingEnabled":false,"javascriptCanCloseWindows":true,"javascriptCanOpenWindows":true,"javascriptEnabled":true,"loadImages":true,"localToRemoteUrlAccessEnabled":false,"userAgent":"Mozilla/5.0 (Windows NT 6.2; WOW64) AppleWebKit/538.1 (KHTML, like Gecko) PhantomJS/2.1.1 Safari/538.1","webSecurityEnabled":true}
[INFO  - 2017-07-15T02:40:11.432Z] Session [e6ee0bd0-6906-11e7-8399-15419598b770] - page.customHeaders:  - {}
[ERROR - 2017-07-15T02:40:18.373Z] Session [e6ee0bd0-6906-11e7-8399-15419598b770] - page.onError - msg: TypeError: null is not an object (evaluating 'motif.checked = true')

  phantomjs://platform/console++.js:263 in error
[ERROR - 2017-07-15T02:40:18.373Z] Session [e6ee0bd0-6906-11e7-8399-15419598b770] - page.onError - stack:
  changeCheckHuman (http://rbpmap.technion.ac.il/RBPmap_motif_selection.html:75)
  onclick (http://rbpmap.technion.ac.il/RBPmap_motif_selection.html:206)
  dispatchEvent (:0)
  U (:119)
  $ (:108)
  $ (:101)
  gh (:141)
  sh (:152)
  (anonymous function) (:152)
  (anonymous function) (:152)
  (anonymous function) (:153)

  phantomjs://platform/console++.js:263 in error
[ERROR - 2017-07-15T02:40:23.980Z] WebElementLocator - _handleLocateCommand - Element(s) NOT Found: GAVE UP. Search Stop Time: 1500086423919

  phantomjs://platform/console++.js:263 in error
[ERROR - 2017-07-15T02:40:24.976Z] WebElementLocator - _handleLocateCommand - Element(s) NOT Found: GAVE UP. Search Stop Time: 1500086424916

  phantomjs://platform/console++.js:263 in error
[ERROR - 2017-07-15T02:40:25.917Z] WebElementLocator - _handleLocateCommand - Element(s) NOT Found: GAVE UP. Search Stop Time: 1500086425858

  phantomjs://platform/console++.js:263 in error
[ERROR - 2017-07-15T02:40:26.870Z] WebElementLocator - _handleLocateCommand - Element(s) NOT Found: GAVE UP. Search Stop Time: 1500086426813

  phantomjs://platform/console++.js:263 in error
[ERROR - 2017-07-15T02:40:27.819Z] WebElementLocator - _handleLocateCommand - Element(s) NOT Found: GAVE UP. Search Stop Time: 1500086427766

  phantomjs://platform/console++.js:263 in error
[ERROR - 2017-07-15T02:40:28.684Z] WebElementLocator - _handleLocateCommand - Element(s) NOT Found: GAVE UP. Search Stop Time: 1500086428683

  phantomjs://platform/console++.js:263 in error
[ERROR - 2017-07-15T02:40:29.614Z] WebElementLocator - _handleLocateCommand - Element(s) NOT Found: GAVE UP. Search Stop Time: 1500086429579

  phantomjs://platform/console++.js:263 in error
[ERROR - 2017-07-15T02:40:30.369Z] WebElementLocator - _handleLocateCommand - Element(s) NOT Found: GAVE UP. Search Stop Time: 1500086430322

  phantomjs://platform/console++.js:263 in error
