[INFO  - 2017-07-15T02:41:48.352Z] GhostDriver - Main - running on port 50488
[INFO  - 2017-07-15T02:41:51.836Z] Session [28346760-6907-11e7-ba04-2f85700081ab] - page.settings - {"XSSAuditingEnabled":false,"javascriptCanCloseWindows":true,"javascriptCanOpenWindows":true,"javascriptEnabled":true,"loadImages":true,"localToRemoteUrlAccessEnabled":false,"userAgent":"Mozilla/5.0 (Windows NT 6.2; WOW64) AppleWebKit/538.1 (KHTML, like Gecko) PhantomJS/2.1.1 Safari/538.1","webSecurityEnabled":true}
[INFO  - 2017-07-15T02:41:51.836Z] Session [28346760-6907-11e7-ba04-2f85700081ab] - page.customHeaders:  - {}
[INFO  - 2017-07-15T02:41:51.836Z] Session [28346760-6907-11e7-ba04-2f85700081ab] - Session.negotiatedCapabilities - {"browserName":"phantomjs","version":"2.1.1","driverName":"ghostdriver","driverVersion":"1.2.0","platform":"windows-10-32bit","javascriptEnabled":true,"takesScreenshot":true,"handlesAlerts":false,"databaseEnabled":false,"locationContextEnabled":false,"applicationCacheEnabled":false,"browserConnectionEnabled":false,"cssSelectorsEnabled":true,"webStorageEnabled":false,"rotatable":false,"acceptSslCerts":false,"nativeEvents":true,"proxy":{"proxyType":"direct"}}
[INFO  - 2017-07-15T02:41:51.934Z] SessionManagerReqHand - _postNewSessionCommand - New Session Created: 28346760-6907-11e7-ba04-2f85700081ab
[INFO  - 2017-07-15T02:42:07.347Z] Session [28346760-6907-11e7-ba04-2f85700081ab] - page.settings - {"XSSAuditingEnabled":false,"javascriptCanCloseWindows":true,"javascriptCanOpenWindows":true,"javascriptEnabled":true,"loadImages":true,"localToRemoteUrlAccessEnabled":false,"userAgent":"Mozilla/5.0 (Windows NT 6.2; WOW64) AppleWebKit/538.1 (KHTML, like Gecko) PhantomJS/2.1.1 Safari/538.1","webSecurityEnabled":true}
[INFO  - 2017-07-15T02:42:07.347Z] Session [28346760-6907-11e7-ba04-2f85700081ab] - page.customHeaders:  - {}
[ERROR - 2017-07-15T02:42:23.069Z] Session [28346760-6907-11e7-ba04-2f85700081ab] - page.onError - msg: TypeError: null is not an object (evaluating 'motif.checked = true')

  phantomjs://platform/console++.js:263 in error
[ERROR - 2017-07-15T02:42:23.069Z] Session [28346760-6907-11e7-ba04-2f85700081ab] - page.onError - stack:
  changeCheckHuman (http://rbpmap.technion.ac.il/RBPmap_motif_selection.html:75)
  onclick (http://rbpmap.technion.ac.il/RBPmap_motif_selection.html:206)
  dispatchEvent (:0)
  U (:119)
  $ (:108)
  $ (:101)
  gh (:141)
  sh (:152)
  (anonymous function) (:152)
  (anonymous function) (:152)
  (anonymous function) (:153)

  phantomjs://platform/console++.js:263 in error
[ERROR - 2017-07-15T02:42:24.678Z] WebElementLocator - _handleLocateCommand - Element(s) NOT Found: GAVE UP. Search Stop Time: 1500086544621

  phantomjs://platform/console++.js:263 in error
[ERROR - 2017-07-15T02:42:25.648Z] WebElementLocator - _handleLocateCommand - Element(s) NOT Found: GAVE UP. Search Stop Time: 1500086545603

  phantomjs://platform/console++.js:263 in error
[ERROR - 2017-07-15T02:42:26.585Z] WebElementLocator - _handleLocateCommand - Element(s) NOT Found: GAVE UP. Search Stop Time: 1500086546529

  phantomjs://platform/console++.js:263 in error
[ERROR - 2017-07-15T02:42:27.525Z] WebElementLocator - _handleLocateCommand - Element(s) NOT Found: GAVE UP. Search Stop Time: 1500086547467

  phantomjs://platform/console++.js:263 in error
[ERROR - 2017-07-15T02:42:28.476Z] WebElementLocator - _handleLocateCommand - Element(s) NOT Found: GAVE UP. Search Stop Time: 1500086548422

  phantomjs://platform/console++.js:263 in error
[ERROR - 2017-07-15T02:42:29.397Z] WebElementLocator - _handleLocateCommand - Element(s) NOT Found: GAVE UP. Search Stop Time: 1500086549353

  phantomjs://platform/console++.js:263 in error
