[INFO  - 2017-07-17T14:49:46.835Z] GhostDriver - Main - running on port 59069
[INFO  - 2017-07-17T14:49:50.282Z] Session [2f69ff50-6aff-11e7-b954-2bb2c0044db8] - page.settings - {"XSSAuditingEnabled":false,"javascriptCanCloseWindows":true,"javascriptCanOpenWindows":true,"javascriptEnabled":true,"loadImages":true,"localToRemoteUrlAccessEnabled":false,"userAgent":"Mozilla/5.0 (Windows NT 6.2; WOW64) AppleWebKit/538.1 (KHTML, like Gecko) PhantomJS/2.1.1 Safari/538.1","webSecurityEnabled":true}
[INFO  - 2017-07-17T14:49:50.283Z] Session [2f69ff50-6aff-11e7-b954-2bb2c0044db8] - page.customHeaders:  - {}
[INFO  - 2017-07-17T14:49:50.283Z] Session [2f69ff50-6aff-11e7-b954-2bb2c0044db8] - Session.negotiatedCapabilities - {"browserName":"phantomjs","version":"2.1.1","driverName":"ghostdriver","driverVersion":"1.2.0","platform":"windows-10-32bit","javascriptEnabled":true,"takesScreenshot":true,"handlesAlerts":false,"databaseEnabled":false,"locationContextEnabled":false,"applicationCacheEnabled":false,"browserConnectionEnabled":false,"cssSelectorsEnabled":true,"webStorageEnabled":false,"rotatable":false,"acceptSslCerts":false,"nativeEvents":true,"proxy":{"proxyType":"direct"}}
[INFO  - 2017-07-17T14:49:50.283Z] SessionManagerReqHand - _postNewSessionCommand - New Session Created: 2f69ff50-6aff-11e7-b954-2bb2c0044db8
[INFO  - 2017-07-17T14:49:56.297Z] Session [2f69ff50-6aff-11e7-b954-2bb2c0044db8] - page.settings - {"XSSAuditingEnabled":false,"javascriptCanCloseWindows":true,"javascriptCanOpenWindows":true,"javascriptEnabled":true,"loadImages":true,"localToRemoteUrlAccessEnabled":false,"userAgent":"Mozilla/5.0 (Windows NT 6.2; WOW64) AppleWebKit/538.1 (KHTML, like Gecko) PhantomJS/2.1.1 Safari/538.1","webSecurityEnabled":true}
[INFO  - 2017-07-17T14:49:56.298Z] Session [2f69ff50-6aff-11e7-b954-2bb2c0044db8] - page.customHeaders:  - {}
[ERROR - 2017-07-17T14:50:01.715Z] Session [2f69ff50-6aff-11e7-b954-2bb2c0044db8] - page.onError - msg: TypeError: null is not an object (evaluating 'motif.checked = true')

  phantomjs://platform/console++.js:263 in error
[ERROR - 2017-07-17T14:50:01.716Z] Session [2f69ff50-6aff-11e7-b954-2bb2c0044db8] - page.onError - stack:
  changeCheckHuman (http://rbpmap.technion.ac.il/RBPmap_motif_selection.html:75)
  onclick (http://rbpmap.technion.ac.il/RBPmap_motif_selection.html:206)
  dispatchEvent (:0)
  U (:119)
  $ (:108)
  $ (:101)
  gh (:141)
  sh (:152)
  (anonymous function) (:152)
  (anonymous function) (:152)
  (anonymous function) (:153)

  phantomjs://platform/console++.js:263 in error
[ERROR - 2017-07-17T14:50:03.306Z] WebElementLocator - _handleLocateCommand - Element(s) NOT Found: GAVE UP. Search Stop Time: 1500303003252

  phantomjs://platform/console++.js:263 in error
[ERROR - 2017-07-17T14:50:04.292Z] WebElementLocator - _handleLocateCommand - Element(s) NOT Found: GAVE UP. Search Stop Time: 1500303004240

  phantomjs://platform/console++.js:263 in error
[ERROR - 2017-07-17T14:50:05.243Z] WebElementLocator - _handleLocateCommand - Element(s) NOT Found: GAVE UP. Search Stop Time: 1500303005196

  phantomjs://platform/console++.js:263 in error
[ERROR - 2017-07-17T14:50:06.197Z] WebElementLocator - _handleLocateCommand - Element(s) NOT Found: GAVE UP. Search Stop Time: 1500303006142

  phantomjs://platform/console++.js:263 in error
[ERROR - 2017-07-17T14:50:07.136Z] WebElementLocator - _handleLocateCommand - Element(s) NOT Found: GAVE UP. Search Stop Time: 1500303007081

  phantomjs://platform/console++.js:263 in error
[ERROR - 2017-07-17T14:50:08.062Z] WebElementLocator - _handleLocateCommand - Element(s) NOT Found: GAVE UP. Search Stop Time: 1500303008024

  phantomjs://platform/console++.js:263 in error
[ERROR - 2017-07-17T14:50:08.963Z] WebElementLocator - _handleLocateCommand - Element(s) NOT Found: GAVE UP. Search Stop Time: 1500303008941

  phantomjs://platform/console++.js:263 in error
[ERROR - 2017-07-17T14:50:09.891Z] WebElementLocator - _handleLocateCommand - Element(s) NOT Found: GAVE UP. Search Stop Time: 1500303009846

  phantomjs://platform/console++.js:263 in error
[ERROR - 2017-07-17T14:50:10.627Z] WebElementLocator - _handleLocateCommand - Element(s) NOT Found: GAVE UP. Search Stop Time: 1500303010596

  phantomjs://platform/console++.js:263 in error
