[INFO  - 2017-07-15T14:27:32.004Z] GhostDriver - Main - running on port 59997
[INFO  - 2017-07-15T14:27:33.054Z] Session [bd8804e0-6969-11e7-aecd-154abf6ff95a] - page.settings - {"XSSAuditingEnabled":false,"javascriptCanCloseWindows":true,"javascriptCanOpenWindows":true,"javascriptEnabled":true,"loadImages":true,"localToRemoteUrlAccessEnabled":false,"userAgent":"Mozilla/5.0 (Windows NT 6.2; WOW64) AppleWebKit/538.1 (KHTML, like Gecko) PhantomJS/2.1.1 Safari/538.1","webSecurityEnabled":true}
[INFO  - 2017-07-15T14:27:33.054Z] Session [bd8804e0-6969-11e7-aecd-154abf6ff95a] - page.customHeaders:  - {}
[INFO  - 2017-07-15T14:27:33.054Z] Session [bd8804e0-6969-11e7-aecd-154abf6ff95a] - Session.negotiatedCapabilities - {"browserName":"phantomjs","version":"2.1.1","driverName":"ghostdriver","driverVersion":"1.2.0","platform":"windows-10-32bit","javascriptEnabled":true,"takesScreenshot":true,"handlesAlerts":false,"databaseEnabled":false,"locationContextEnabled":false,"applicationCacheEnabled":false,"browserConnectionEnabled":false,"cssSelectorsEnabled":true,"webStorageEnabled":false,"rotatable":false,"acceptSslCerts":false,"nativeEvents":true,"proxy":{"proxyType":"direct"}}
[INFO  - 2017-07-15T14:27:33.055Z] SessionManagerReqHand - _postNewSessionCommand - New Session Created: bd8804e0-6969-11e7-aecd-154abf6ff95a
[INFO  - 2017-07-15T14:27:39.872Z] Session [bd8804e0-6969-11e7-aecd-154abf6ff95a] - page.settings - {"XSSAuditingEnabled":false,"javascriptCanCloseWindows":true,"javascriptCanOpenWindows":true,"javascriptEnabled":true,"loadImages":true,"localToRemoteUrlAccessEnabled":false,"userAgent":"Mozilla/5.0 (Windows NT 6.2; WOW64) AppleWebKit/538.1 (KHTML, like Gecko) PhantomJS/2.1.1 Safari/538.1","webSecurityEnabled":true}
[INFO  - 2017-07-15T14:27:39.872Z] Session [bd8804e0-6969-11e7-aecd-154abf6ff95a] - page.customHeaders:  - {}
[ERROR - 2017-07-15T14:27:45.755Z] Session [bd8804e0-6969-11e7-aecd-154abf6ff95a] - page.onError - msg: TypeError: null is not an object (evaluating 'motif.checked = true')

  phantomjs://platform/console++.js:263 in error
[ERROR - 2017-07-15T14:27:45.755Z] Session [bd8804e0-6969-11e7-aecd-154abf6ff95a] - page.onError - stack:
  changeCheckHuman (http://rbpmap.technion.ac.il/RBPmap_motif_selection.html:75)
  onclick (http://rbpmap.technion.ac.il/RBPmap_motif_selection.html:206)
  dispatchEvent (:0)
  U (:119)
  $ (:108)
  $ (:101)
  gh (:141)
  sh (:152)
  (anonymous function) (:152)
  (anonymous function) (:152)
  (anonymous function) (:153)

  phantomjs://platform/console++.js:263 in error
[ERROR - 2017-07-15T14:27:47.647Z] WebElementLocator - _handleLocateCommand - Element(s) NOT Found: GAVE UP. Search Stop Time: 1500128867596

  phantomjs://platform/console++.js:263 in error
[ERROR - 2017-07-15T14:27:48.615Z] WebElementLocator - _handleLocateCommand - Element(s) NOT Found: GAVE UP. Search Stop Time: 1500128868559

  phantomjs://platform/console++.js:263 in error
[ERROR - 2017-07-15T14:27:49.537Z] WebElementLocator - _handleLocateCommand - Element(s) NOT Found: GAVE UP. Search Stop Time: 1500128869493

  phantomjs://platform/console++.js:263 in error
[ERROR - 2017-07-15T14:27:50.476Z] WebElementLocator - _handleLocateCommand - Element(s) NOT Found: GAVE UP. Search Stop Time: 1500128870413

  phantomjs://platform/console++.js:263 in error
[ERROR - 2017-07-15T14:27:51.412Z] WebElementLocator - _handleLocateCommand - Element(s) NOT Found: GAVE UP. Search Stop Time: 1500128871356

  phantomjs://platform/console++.js:263 in error
[ERROR - 2017-07-15T14:27:52.350Z] WebElementLocator - _handleLocateCommand - Element(s) NOT Found: GAVE UP. Search Stop Time: 1500128872299

  phantomjs://platform/console++.js:263 in error
