[INFO  - 2017-07-19T00:44:56.230Z] GhostDriver - Main - running on port 53098
[INFO  - 2017-07-19T00:44:59.525Z] Session [7e31f710-6c1b-11e7-9330-2d2813bd5015] - page.settings - {"XSSAuditingEnabled":false,"javascriptCanCloseWindows":true,"javascriptCanOpenWindows":true,"javascriptEnabled":true,"loadImages":true,"localToRemoteUrlAccessEnabled":false,"userAgent":"Mozilla/5.0 (Windows NT 6.2; WOW64) AppleWebKit/538.1 (KHTML, like Gecko) PhantomJS/2.1.1 Safari/538.1","webSecurityEnabled":true}
[INFO  - 2017-07-19T00:44:59.526Z] Session [7e31f710-6c1b-11e7-9330-2d2813bd5015] - page.customHeaders:  - {}
[INFO  - 2017-07-19T00:44:59.526Z] Session [7e31f710-6c1b-11e7-9330-2d2813bd5015] - Session.negotiatedCapabilities - {"browserName":"phantomjs","version":"2.1.1","driverName":"ghostdriver","driverVersion":"1.2.0","platform":"windows-10-32bit","javascriptEnabled":true,"takesScreenshot":true,"handlesAlerts":false,"databaseEnabled":false,"locationContextEnabled":false,"applicationCacheEnabled":false,"browserConnectionEnabled":false,"cssSelectorsEnabled":true,"webStorageEnabled":false,"rotatable":false,"acceptSslCerts":false,"nativeEvents":true,"proxy":{"proxyType":"direct"}}
[INFO  - 2017-07-19T00:44:59.526Z] SessionManagerReqHand - _postNewSessionCommand - New Session Created: 7e31f710-6c1b-11e7-9330-2d2813bd5015
[INFO  - 2017-07-19T00:45:07.482Z] Session [7e31f710-6c1b-11e7-9330-2d2813bd5015] - page.settings - {"XSSAuditingEnabled":false,"javascriptCanCloseWindows":true,"javascriptCanOpenWindows":true,"javascriptEnabled":true,"loadImages":true,"localToRemoteUrlAccessEnabled":false,"userAgent":"Mozilla/5.0 (Windows NT 6.2; WOW64) AppleWebKit/538.1 (KHTML, like Gecko) PhantomJS/2.1.1 Safari/538.1","webSecurityEnabled":true}
[INFO  - 2017-07-19T00:45:07.482Z] Session [7e31f710-6c1b-11e7-9330-2d2813bd5015] - page.customHeaders:  - {}
[ERROR - 2017-07-19T00:45:13.868Z] Session [7e31f710-6c1b-11e7-9330-2d2813bd5015] - page.onError - msg: TypeError: null is not an object (evaluating 'motif.checked = true')

  phantomjs://platform/console++.js:263 in error
[ERROR - 2017-07-19T00:45:13.868Z] Session [7e31f710-6c1b-11e7-9330-2d2813bd5015] - page.onError - stack:
  changeCheckHuman (http://rbpmap.technion.ac.il/RBPmap_motif_selection.html:75)
  onclick (http://rbpmap.technion.ac.il/RBPmap_motif_selection.html:206)
  dispatchEvent (:0)
  U (:119)
  $ (:108)
  $ (:101)
  gh (:141)
  sh (:152)
  (anonymous function) (:152)
  (anonymous function) (:152)
  (anonymous function) (:153)

  phantomjs://platform/console++.js:263 in error
[ERROR - 2017-07-19T00:45:15.322Z] WebElementLocator - _handleLocateCommand - Element(s) NOT Found: GAVE UP. Search Stop Time: 1500425115269

  phantomjs://platform/console++.js:263 in error
[ERROR - 2017-07-19T00:45:16.306Z] WebElementLocator - _handleLocateCommand - Element(s) NOT Found: GAVE UP. Search Stop Time: 1500425116253

  phantomjs://platform/console++.js:263 in error
[ERROR - 2017-07-19T00:45:17.227Z] WebElementLocator - _handleLocateCommand - Element(s) NOT Found: GAVE UP. Search Stop Time: 1500425117179

  phantomjs://platform/console++.js:263 in error
[ERROR - 2017-07-19T00:45:18.149Z] WebElementLocator - _handleLocateCommand - Element(s) NOT Found: GAVE UP. Search Stop Time: 1500425118106

  phantomjs://platform/console++.js:263 in error
[ERROR - 2017-07-19T00:45:19.088Z] WebElementLocator - _handleLocateCommand - Element(s) NOT Found: GAVE UP. Search Stop Time: 1500425119033

  phantomjs://platform/console++.js:263 in error
[ERROR - 2017-07-19T00:45:20.017Z] WebElementLocator - _handleLocateCommand - Element(s) NOT Found: GAVE UP. Search Stop Time: 1500425119974

  phantomjs://platform/console++.js:263 in error
