[INFO  - 2017-07-16T21:28:34.583Z] GhostDriver - Main - running on port 59540
[INFO  - 2017-07-16T21:28:38.070Z] Session [bb131920-6a6d-11e7-8f11-69aa267cb3e3] - page.settings - {"XSSAuditingEnabled":false,"javascriptCanCloseWindows":true,"javascriptCanOpenWindows":true,"javascriptEnabled":true,"loadImages":true,"localToRemoteUrlAccessEnabled":false,"userAgent":"Mozilla/5.0 (Windows NT 6.2; WOW64) AppleWebKit/538.1 (KHTML, like Gecko) PhantomJS/2.1.1 Safari/538.1","webSecurityEnabled":true}
[INFO  - 2017-07-16T21:28:38.070Z] Session [bb131920-6a6d-11e7-8f11-69aa267cb3e3] - page.customHeaders:  - {}
[INFO  - 2017-07-16T21:28:38.070Z] Session [bb131920-6a6d-11e7-8f11-69aa267cb3e3] - Session.negotiatedCapabilities - {"browserName":"phantomjs","version":"2.1.1","driverName":"ghostdriver","driverVersion":"1.2.0","platform":"windows-10-32bit","javascriptEnabled":true,"takesScreenshot":true,"handlesAlerts":false,"databaseEnabled":false,"locationContextEnabled":false,"applicationCacheEnabled":false,"browserConnectionEnabled":false,"cssSelectorsEnabled":true,"webStorageEnabled":false,"rotatable":false,"acceptSslCerts":false,"nativeEvents":true,"proxy":{"proxyType":"direct"}}
[INFO  - 2017-07-16T21:28:38.071Z] SessionManagerReqHand - _postNewSessionCommand - New Session Created: bb131920-6a6d-11e7-8f11-69aa267cb3e3
[INFO  - 2017-07-16T21:28:47.458Z] Session [bb131920-6a6d-11e7-8f11-69aa267cb3e3] - page.settings - {"XSSAuditingEnabled":false,"javascriptCanCloseWindows":true,"javascriptCanOpenWindows":true,"javascriptEnabled":true,"loadImages":true,"localToRemoteUrlAccessEnabled":false,"userAgent":"Mozilla/5.0 (Windows NT 6.2; WOW64) AppleWebKit/538.1 (KHTML, like Gecko) PhantomJS/2.1.1 Safari/538.1","webSecurityEnabled":true}
[INFO  - 2017-07-16T21:28:47.458Z] Session [bb131920-6a6d-11e7-8f11-69aa267cb3e3] - page.customHeaders:  - {}
[ERROR - 2017-07-16T21:28:55.414Z] Session [bb131920-6a6d-11e7-8f11-69aa267cb3e3] - page.onError - msg: TypeError: null is not an object (evaluating 'motif.checked = true')

  phantomjs://platform/console++.js:263 in error
[ERROR - 2017-07-16T21:28:55.414Z] Session [bb131920-6a6d-11e7-8f11-69aa267cb3e3] - page.onError - stack:
  changeCheckHuman (http://rbpmap.technion.ac.il/RBPmap_motif_selection.html:75)
  onclick (http://rbpmap.technion.ac.il/RBPmap_motif_selection.html:206)
  dispatchEvent (:0)
  U (:119)
  $ (:108)
  $ (:101)
  gh (:141)
  sh (:152)
  (anonymous function) (:152)
  (anonymous function) (:152)
  (anonymous function) (:153)

  phantomjs://platform/console++.js:263 in error
[ERROR - 2017-07-16T21:28:56.808Z] WebElementLocator - _handleLocateCommand - Element(s) NOT Found: GAVE UP. Search Stop Time: 1500240536807

  phantomjs://platform/console++.js:263 in error
[ERROR - 2017-07-16T21:28:57.805Z] WebElementLocator - _handleLocateCommand - Element(s) NOT Found: GAVE UP. Search Stop Time: 1500240537753

  phantomjs://platform/console++.js:263 in error
[ERROR - 2017-07-16T21:28:58.781Z] WebElementLocator - _handleLocateCommand - Element(s) NOT Found: GAVE UP. Search Stop Time: 1500240538715

  phantomjs://platform/console++.js:263 in error
[ERROR - 2017-07-16T21:28:59.727Z] WebElementLocator - _handleLocateCommand - Element(s) NOT Found: GAVE UP. Search Stop Time: 1500240539667

  phantomjs://platform/console++.js:263 in error
[ERROR - 2017-07-16T21:29:00.592Z] WebElementLocator - _handleLocateCommand - Element(s) NOT Found: GAVE UP. Search Stop Time: 1500240540591

  phantomjs://platform/console++.js:263 in error
[ERROR - 2017-07-16T21:29:01.481Z] WebElementLocator - _handleLocateCommand - Element(s) NOT Found: GAVE UP. Search Stop Time: 1500240541479

  phantomjs://platform/console++.js:263 in error
[ERROR - 2017-07-16T21:29:02.358Z] WebElementLocator - _handleLocateCommand - Element(s) NOT Found: GAVE UP. Search Stop Time: 1500240542353

  phantomjs://platform/console++.js:263 in error
